-> -[CALayer _display]
 -> -[UIView(CALayerDelegate) layerWillDraw:]
  -> -[CALayer retain]
  <- -[CALayer retain]
  -> -[UIView _needsContentsFormatUpdate]
  <- -[UIView _needsContentsFormatUpdate]
 <- -[UIView(CALayerDelegate) layerWillDraw:]
 -> -[CALayer release]
 <- -[CALayer release]
 -> -[CALayer contentsScale]
 <- -[CALayer contentsScale]
 -> -[CALayer(CALayerPrivate) separatedOptions]
 <- -[CALayer(CALayerPrivate) separatedOptions]
 -> -[CALayer(CALayerPrivate) separatedOptions]
 <- -[CALayer(CALayerPrivate) separatedOptions]
 -> -[CALayer isOpaque]
 <- -[CALayer isOpaque]
 -> -[CALayer _overrideImageFormat]
 <- -[CALayer _overrideImageFormat]
 -> -[CALayer minificationFilter]
 <- -[CALayer minificationFilter]
 -> -[CALayer contents]
 <- -[CALayer contents]
 -> -[CALayer drawsAsynchronously]
 <- -[CALayer drawsAsynchronously]
 -> -[CALayer(CALayerPrivate) acceleratesDrawing]
 <- -[CALayer(CALayerPrivate) acceleratesDrawing]
 -> -[CALayer isOpaque]
 <- -[CALayer isOpaque]
 -> -[CALayer(CALayerPrivate) clearsContext]
 <- -[CALayer(CALayerPrivate) clearsContext]
 -> +[NSObject alloc]
 <- +[NSObject alloc]
 -> +[NSArray allocWithZone:]
 <- +[NSArray allocWithZone:]
 -> -[CALayer contentsScale]
 <- -[CALayer contentsScale]
 -> -[CALayer(CALayerPrivate) _prepareContext:]
 <- -[CALayer(CALayerPrivate) _prepareContext:]
 -> -[CALayer drawInContext:]
 <- -[CALayer drawInContext:]
 -> -[UIView(CALayerDelegate) drawLayer:inContext:]
  -> -[UIView bounds]
  <- -[UIView bounds]
  -> -[CALayer bounds]
  <- -[CALayer bounds]
  -> -[UIView(Internal) _canDrawContent]
  <- -[UIView(Internal) _canDrawContent]
  -> +[UITraitCollection _currentTraitCollectionIfExists]
  <- +[UITraitCollection _currentTraitCollectionIfExists]
  -> +[UITraitCollection _currentTraitCollectionWithFallback:markFallback:]
  <- +[UITraitCollection _currentTraitCollectionWithFallback:markFallback:]
  -> -[UIView traitCollection]
   -> -[UIView _cachedTraitCollectionIsValid]
   <- -[UIView _cachedTraitCollectionIsValid]
  <- -[UIView traitCollection]
  -> +[UITraitCollection _setCurrentTraitCollection:]
  <- +[UITraitCollection _setCurrentTraitCollection:]
  -> -[UIView(UIKitManual) retain]
  <- -[UIView(UIKitManual) retain]
  -> -[UIView bounds]
  <- -[UIView bounds]
  -> -[CALayer bounds]
  <- -[CALayer bounds]
  -> -[NSConcreteMutableAttributedString length]
  <- -[NSConcreteMutableAttributedString length]
  -> -[NSAttributedString enumerateAttribute:inRange:options:usingBlock:]
   -> -[NSConcreteMutableAttributedString length]
   <- -[NSConcreteMutableAttributedString length]
   -> -[NSConcreteMutableAttributedString attribute:atIndex:longestEffectiveRange:inRange:]
    -> -[NSRLEArray objectAtIndex:effectiveRange:runIndex:]
    <- -[NSRLEArray objectAtIndex:effectiveRange:runIndex:]
    -> -[NSAttributeDictionary objectForKey:]
    <- -[NSAttributeDictionary objectForKey:]
   <- -[NSConcreteMutableAttributedString attribute:atIndex:longestEffectiveRange:inRange:]
   -> -[NSConcreteMutableAttributedString length]
   <- -[NSConcreteMutableAttributedString length]
  <- -[NSAttributedString enumerateAttribute:inRange:options:usingBlock:]
  -> -[NSStringDrawingContext setMinimumScaleFactor:]
  <- -[NSStringDrawingContext setMinimumScaleFactor:]
  -> -[NSStringDrawingContext setScaledLineHeight:]
  <- -[NSStringDrawingContext setScaledLineHeight:]
  -> -[NSStringDrawingContext setScaledBaselineOffset:]
  <- -[NSStringDrawingContext setScaledBaselineOffset:]
  -> -[NSStringDrawingContext setMaximumNumberOfLines:]
  <- -[NSStringDrawingContext setMaximumNumberOfLines:]
  -> -[NSStringDrawingContext setCachesLayout:]
  <- -[NSStringDrawingContext setCachesLayout:]
  -> -[NSStringDrawingContext setLayout:]
  <- -[NSStringDrawingContext setLayout:]
  -> -[NSStringDrawingContext setWantsNumberOfLineFragments:]
  <- -[NSStringDrawingContext setWantsNumberOfLineFragments:]
  -> -[NSStringDrawingContext setActiveRenderers:]
  <- -[NSStringDrawingContext setActiveRenderers:]
  -> -[NSAttributedString(NSExtendedStringDrawing) drawWithRect:options:context:]
   -> +[NSTextGraphicsContextProvider textGraphicsContextProviderClass]
   <- +[NSTextGraphicsContextProvider textGraphicsContextProviderClass]
   -> -[NSStringDrawingContext applicationFrameworkContext]
   <- -[NSStringDrawingContext applicationFrameworkContext]
   -> +[_NSUIKitTextGraphicsContext sharedContext]
   <- +[_NSUIKitTextGraphicsContext sharedContext]
   -> -[NSStringDrawingContext applicationFrameworkContext]
   <- -[NSStringDrawingContext applicationFrameworkContext]
   -> -[NSConcreteMutableAttributedString string]
   <- -[NSConcreteMutableAttributedString string]
   -> -[NSStringDrawingContext activeRenderers]
   <- -[NSStringDrawingContext activeRenderers]
   -> -[NSStringDrawingContext setActualScaleFactor:]
   <- -[NSStringDrawingContext setActualScaleFactor:]
   -> -[NSStringDrawingContext setBaselineOffset:]
   <- -[NSStringDrawingContext setBaselineOffset:]
   -> -[NSStringDrawingContext setFirstBaselineOffset:]
   <- -[NSStringDrawingContext setFirstBaselineOffset:]
   -> -[NSConcreteMutableAttributedString attributesAtIndex:effectiveRange:]
   <- -[NSConcreteMutableAttributedString attributesAtIndex:effectiveRange:]
   -> -[NSRLEArray objectAtIndex:effectiveRange:]
   <- -[NSRLEArray objectAtIndex:effectiveRange:]
   -> -[NSAttributeDictionary objectForKey:]
   <- -[NSAttributeDictionary objectForKey:]
   -> -[NSParagraphStyle lineBreakMode]
   <- -[NSParagraphStyle lineBreakMode]
   -> -[NSStringDrawingContext drawsDebugBaselines]
   <- -[NSStringDrawingContext drawsDebugBaselines]
   -> -[NSStringDrawingContext wrapsForTruncationMode]
   <- -[NSStringDrawingContext wrapsForTruncationMode]
   -> -[NSStringDrawingContext maximumNumberOfLines]
   <- -[NSStringDrawingContext maximumNumberOfLines]
   -> -[NSStringDrawingContext activeRenderers]
   <- -[NSStringDrawingContext activeRenderers]
   -> -[NSStringDrawingContext setActiveRenderers:]
   <- -[NSStringDrawingContext setActiveRenderers:]
   -> +[NSThread isMainThread]
   <- +[NSThread isMainThread]
   -> -[NSCoreTypesetter _stringDrawingCoreTextEngineWithOriginalString:rect:padding:graphicsContext:forceClipping:attributes:stringDrawingOptions:draw]
    -> -[NSConcreteMutableAttributedString string]
    <- -[NSConcreteMutableAttributedString string]
    -> -[NSCoreTypesetter laidOutLineFragment]
    <- -[NSCoreTypesetter laidOutLineFragment]
    -> +[NSString(NSStringDrawing) typesetterBehavior]
     -> +[NSStringDrawingTextStorage _hasCustomSettings]
     <- +[NSStringDrawingTextStorage _hasCustomSettings]
    <- +[NSString(NSStringDrawing) typesetterBehavior]
    -> +[NSTypesetter defaultStringDrawingTypesetterBehavior]
    <- +[NSTypesetter defaultStringDrawingTypesetterBehavior]
    -> -[NSStringDrawingContext activeRenderers]
    <- -[NSStringDrawingContext activeRenderers]
    -> -[NSStringDrawingContext applicationFrameworkContext]
    <- -[NSStringDrawingContext applicationFrameworkContext]
    -> -[NSTypesetter setAttributedString:]
    <- -[NSTypesetter setAttributedString:]
    -> -[NSTypesetter setTypesetterBehavior:]
    <- -[NSTypesetter setTypesetterBehavior:]
    -> -[NSTypesetter setUsesFontLeading:]
    <- -[NSTypesetter setUsesFontLeading:]
    -> +[NSCoreTypesetter _allowsFontOverridingTextAttachmentVerticalMetricsForStringDrawing]
    <- +[NSCoreTypesetter _allowsFontOverridingTextAttachmentVerticalMetricsForStringDrawing]
    -> -[NSCoreTypesetter setAllowsFontOverridingTextAttachmentVerticalMetrics:]
    <- -[NSCoreTypesetter setAllowsFontOverridingTextAttachmentVerticalMetrics:]
    -> -[NSConcreteMutableAttributedString attributesAtIndex:effectiveRange:]
    <- -[NSConcreteMutableAttributedString attributesAtIndex:effectiveRange:]
    -> -[NSRLEArray objectAtIndex:effectiveRange:]
    <- -[NSRLEArray objectAtIndex:effectiveRange:]
    -> -[NSAttributeDictionary objectForKey:]
    <- -[NSAttributeDictionary objectForKey:]
    -> -[NSParagraphStyle lineBreakMode]
    <- -[NSParagraphStyle lineBreakMode]
    -> -[NSStringDrawingContext maximumNumberOfLines]
    <- -[NSStringDrawingContext maximumNumberOfLines]
    -> -[NSStringDrawingContext wrapsForTruncationMode]
    <- -[NSStringDrawingContext wrapsForTruncationMode]
    -> -[NSStringDrawingContext maximumNumberOfLines]
    <- -[NSStringDrawingContext maximumNumberOfLines]
    -> -[NSCoreTypesetter _NSFastDrawString:length:attributes:paragraphStyle:typesetterBehavior:lineBreakMode:rect:padding:graphicsContext:baselineRende]
     -> -[NSCoreTypesetter laidOutLineFragment]
     <- -[NSCoreTypesetter laidOutLineFragment]
     -> -[NSAttributeDictionary count]
     <- -[NSAttributeDictionary count]
     -> -[NSStringDrawingContext applicationFrameworkContext]
     <- -[NSStringDrawingContext applicationFrameworkContext]
     -> -[NSAttributeDictionary objectForKey:]
     <- -[NSAttributeDictionary objectForKey:]
     -> -[NSAttributeDictionary objectForKey:]
     <- -[NSAttributeDictionary objectForKey:]
     -> -[NSStringDrawingContext layout]
     <- -[NSStringDrawingContext layout]
     -> -[NSAttributeDictionary objectForKey:]
     <- -[NSAttributeDictionary objectForKey:]
     -> -[UIFont pointSize]
     <- -[UIFont pointSize]
     -> -[NSAttributeDictionary objectForKey:]
     <- -[NSAttributeDictionary objectForKey:]
     -> -[NSAttributeDictionary objectForKey:]
     <- -[NSAttributeDictionary objectForKey:]
     -> -[NSAttributeDictionary objectForKey:]
     <- -[NSAttributeDictionary objectForKey:]
     -> -[NSParagraphStyle _isSuitableForFastStringDrawingWithAlignment:mirrorsTextAlignment:lineBreakMode:tighteningFactorForTruncation:]
      -> -[NSParagraphStyle baseWritingDirection]
      <- -[NSParagraphStyle baseWritingDirection]
      -> +[NSParagraphStyle _defaultWritingDirection]
      <- +[NSParagraphStyle _defaultWritingDirection]
     <- -[NSParagraphStyle _isSuitableForFastStringDrawingWithAlignment:mirrorsTextAlignment:lineBreakMode:tighteningFactorForTruncation:]
     -> -[NSCoreTypesetter laidOutLineFragment]
     <- -[NSCoreTypesetter laidOutLineFragment]
     -> -[NSAttributeDictionary objectForKey:]
     <- -[NSAttributeDictionary objectForKey:]
     -> -[NSAttributeDictionary objectForKey:]
     <- -[NSAttributeDictionary objectForKey:]
     -> -[NSAttributeDictionary objectForKey:]
     <- -[NSAttributeDictionary objectForKey:]
    <- -[NSCoreTypesetter _NSFastDrawString:length:attributes:paragraphStyle:typesetterBehavior:lineBreakMode:rect:padding:graphicsContext:baselineRende]
    -> -[NSStringDrawingContext layout]
    <- -[NSStringDrawingContext layout]
    -> -[NSCoreTypesetter delegate]
    <- -[NSCoreTypesetter delegate]
    -> -[NSObject autorelease]
    <- -[NSObject autorelease]
    -> -[NSTypesetter lineFragmentPadding]
    <- -[NSTypesetter lineFragmentPadding]
    -> -[_NSUIKitTextGraphicsContext CGContext]
     -> -[NSParagraphStyle baseWritingDirection]
     <- -[NSParagraphStyle baseWritingDirection]
     -> -[NSParagraphStyle firstLineHeadIndent]
     <- -[NSParagraphStyle firstLineHeadIndent]
     -> -[NSParagraphStyle headIndent]
     <- -[NSParagraphStyle headIndent]
     -> -[NSParagraphStyle tailIndent]
     <- -[NSParagraphStyle tailIndent]
     -> +[NSParagraphStyle defaultWritingDirectionForLanguage:]
     <- +[NSParagraphStyle defaultWritingDirectionForLanguage:]
     -> +[NSParagraphStyle _defaultWritingDirection]
     <- +[NSParagraphStyle _defaultWritingDirection]
     -> -[NSCoreTypesetter _getLineMetricsForRange:attributes:attributedString:applySpacing:usesSystemFontLeading:usesNegativeFontLeading:]
      -> -[NSTypesetter usesFontLeading]
      <- -[NSTypesetter usesFontLeading]
      -> -[NSCoreTypesetter layoutOrientation]
      <- -[NSCoreTypesetter layoutOrientation]
      -> -[NSCoreTypesetter allowsFontSubstitutionAffectingVerticalMetrics]
      <- -[NSCoreTypesetter allowsFontSubstitutionAffectingVerticalMetrics]
      -> -[NSCoreTypesetter allowsFontOverridingTextAttachmentVerticalMetrics]
      <- -[NSCoreTypesetter allowsFontOverridingTextAttachmentVerticalMetrics]
      -> -[NSTypesetter typesetterBehavior]
      <- -[NSTypesetter typesetterBehavior]
      -> -[NSAttributeDictionary objectForKey:]
      <- -[NSAttributeDictionary objectForKey:]
      -> -[NSAttributeDictionary objectForKey:]
      <- -[NSAttributeDictionary objectForKey:]
      -> -[NSAttributeDictionary objectForKey:]
      <- -[NSAttributeDictionary objectForKey:]
      -> -[UIFont _defaultLineHeightForUILayout]
      <- -[UIFont _defaultLineHeightForUILayout]
      -> -[UIFont lineHeight]
      <- -[UIFont lineHeight]
      -> -[UIFont ascender]
      <- -[UIFont ascender]
      -> -[NSDictionary objectForKeyedSubscript:]
      <- -[NSDictionary objectForKeyedSubscript:]
      -> -[NSAttributeDictionary objectForKey:]
      <- -[NSAttributeDictionary objectForKey:]
      -> -[NSParagraphStyle lineHeightMultiple]
      <- -[NSParagraphStyle lineHeightMultiple]
      -> -[NSParagraphStyle minimumLineHeight]
      <- -[NSParagraphStyle minimumLineHeight]
      -> -[NSParagraphStyle maximumLineHeight]
      <- -[NSParagraphStyle maximumLineHeight]
     <- -[NSCoreTypesetter _getLineMetricsForRange:attributes:attributedString:applySpacing:usesSystemFontLeading:usesNegativeFontLeading:]
     -> -[NSParagraphStyle alignment]
     <- -[NSParagraphStyle alignment]
     -> -[NSParagraphStyle _lineBoundsOptions]
     <- -[NSParagraphStyle _lineBoundsOptions]
     -> -[NSParagraphStyle _lineBoundsOptions]
     <- -[NSParagraphStyle _lineBoundsOptions]
     -> -[_NSUIKitTextGraphicsContext isFlipped]
     <- -[_NSUIKitTextGraphicsContext isFlipped]
     -> -[NSTypesetter applicationFrameworkContext]
     <- -[NSTypesetter applicationFrameworkContext]
     -> -[_NSUIKitTextGraphicsContext CGContext]
      -> -[_NSUIKitTextGraphicsContext isFlipped]
      <- -[_NSUIKitTextGraphicsContext isFlipped]
      -> -[NSParagraphStyle _lineBoundsOptions]
      <- -[NSParagraphStyle _lineBoundsOptions]
      -> -[NSObject(__NSCFType) _cfTypeID]
      <- -[NSObject(__NSCFType) _cfTypeID]
      -> -[UIDeviceRGBColor CGColor]
      <- -[UIDeviceRGBColor CGColor]
      -> -[NSStringDrawingContext setNumberOfLineFragments:]
      <- -[NSStringDrawingContext setNumberOfLineFragments:]
      -> -[NSStringDrawingContext setTotalBounds:]
      <- -[NSStringDrawingContext setTotalBounds:]
      -> -[NSStringDrawingContext wantsBaselineOffset]
      <- -[NSStringDrawingContext wantsBaselineOffset]
      -> -[NSStringDrawingContext setBaselineOffset:]
      <- -[NSStringDrawingContext setBaselineOffset:]
      -> -[NSStringDrawingContext setFirstBaselineOffset:]
      <- -[NSStringDrawingContext setFirstBaselineOffset:]
     <- -[NSCoreTypesetter _stringDrawingCoreTextEngineWithOriginalString:rect:padding:graphicsContext:forceClipping:attributes:stringDrawingOptions:draw]
     -> -[NSStringDrawingContext setActiveRenderers:]
     <- -[NSStringDrawingContext setActiveRenderers:]
    <- -[NSAttributedString(NSExtendedStringDrawing) drawWithRect:options:context:]
    -> -[UIView(UIKitManual) release]
    <- -[UIView(UIKitManual) release]
    -> +[UITraitCollection _setCurrentTraitCollection:]
    <- +[UITraitCollection _setCurrentTraitCollection:]
   <- -[UIView(CALayerDelegate) drawLayer:inContext:]
   -> -[NSObject dealloc]
   <- -[NSObject dealloc]
   -> -[CALayer actionForKey:]
    -> -[UIView(UIKitManual) actionForLayer:forKey:]
     -> -[UIView animationInfoCreateIfNecessary:]
     <- -[UIView animationInfoCreateIfNecessary:]
     -> +[UIView(Animation) _hasActiveAnimationContext]
     <- +[UIView(Animation) _hasActiveAnimationContext]
    <- -[UIView(UIKitManual) actionForLayer:forKey:]
   <- -[CALayer actionForKey:]
   -> -[NSObject(NSKeyValueObserverNotification) willChangeValueForKey:]
   <- -[NSObject(NSKeyValueObserverNotification) willChangeValueForKey:]
   -> -[CALayer observationInfo]
   <- -[CALayer observationInfo]
   -> -[NSObject(NSKeyValueObservingPrivate) _implicitObservationInfo]
   <- -[NSObject(NSKeyValueObservingPrivate) _implicitObservationInfo]
   -> -[NSObject(NSKeyValueObserverNotification) didChangeValueForKey:]
   <- -[NSObject(NSKeyValueObserverNotification) didChangeValueForKey:]
   -> -[NSObject(NSKeyValueObservingPrivate) _pendingChangeNotificationsArrayForKey:create:]
   <- -[NSObject(NSKeyValueObservingPrivate) _pendingChangeNotificationsArrayForKey:create:]
  <- -[CALayer _display]
